This file contains any messages produced by compilers while
running configure, to aid debugging if configure makes a mistake.

It was created by configure, which was
generated by GNU Autoconf 2.67.  Invocation command line was

  $ ./configure --prefix=/usr/local/apache --enable-so--enable-cgi--enable-info--enable-rewrite--enable-speling--enable-usertrack--enable-deflate --enable-ssl--enable-mime-magic

## --------- ##
## Platform. ##
## --------- ##

hostname = localhost.localdomain
uname -m = x86_64
uname -r = 2.6.32-provenance
uname -s = Linux
uname -v = #2 SMP Thu May 19 12:53:24 EDT 2016

/usr/bin/uname -p = unknown
/bin/uname -X     = unknown

/bin/arch              = x86_64
/usr/bin/arch -k       = unknown
/usr/convex/getsysinfo = unknown
/usr/bin/hostinfo      = unknown
/bin/machine           = unknown
/usr/bin/oslevel       = unknown
/bin/universe          = unknown

PATH: /usr/lib64/qt-3.3/bin
PATH: /usr/local/bin
PATH: /bin
PATH: /usr/bin
PATH: /usr/local/sbin
PATH: /usr/sbin
PATH: /sbin
PATH: /home/adam/bin


## ----------- ##
## Core tests. ##
## ----------- ##

configure:2793: checking for chosen layout
configure:2795: result: Apache
configure:3598: checking for working mkdir -p
configure:3614: result: yes
configure:3629: checking build system type
configure:3643: result: x86_64-unknown-linux-gnu
configure:3663: checking host system type
configure:3676: result: x86_64-unknown-linux-gnu
configure:3696: checking target system type
configure:3709: result: x86_64-unknown-linux-gnu
configure:3780: checking for APR
configure:3859: result: yes
configure:4132: checking for APR-util
configure:4211: result: yes
configure:4453: checking for gcc
configure:4480: result: gcc
configure:4709: checking for C compiler version
configure:4718: gcc --version >&5
gcc (GCC) 4.4.7 20120313 (Red Hat 4.4.7-16)
Copyright (C) 2010 Free Software Foundation, Inc.
This is free software; see the source for copying conditions.  There is NO
warranty; not even for MERCHANTABILITY or FITNESS FOR A PARTICULAR PURPOSE.

configure:4729: $? = 0
configure:4718: gcc -v >&5
Using built-in specs.
Target: x86_64-redhat-linux
Configured with: ../configure --prefix=/usr --mandir=/usr/share/man --infodir=/usr/share/info --with-bugurl=http://bugzilla.redhat.com/bugzilla --enable-bootstrap --enable-shared --enable-threads=posix --enable-checking=release --with-system-zlib --enable-__cxa_atexit --disable-libunwind-exceptions --enable-gnu-unique-object --enable-languages=c,c++,objc,obj-c++,java,fortran,ada --enable-java-awt=gtk --disable-dssi --with-java-home=/usr/lib/jvm/java-1.5.0-gcj-1.5.0.0/jre --enable-libgcj-multifile --enable-java-maintainer-mode --with-ecj-jar=/usr/share/java/eclipse-ecj.jar --disable-libjava-multilib --with-ppl --with-cloog --with-tune=generic --with-arch_32=i686 --build=x86_64-redhat-linux
Thread model: posix
gcc version 4.4.7 20120313 (Red Hat 4.4.7-16) (GCC) 
configure:4729: $? = 0
configure:4718: gcc -V >&5
gcc: '-V' option must have argument
configure:4729: $? = 1
configure:4718: gcc -qversion >&5
gcc: unrecognized option '-qversion'
gcc: no input files
configure:4729: $? = 1
configure:4749: checking whether the C compiler works
configure:4771: gcc   -pthread  -DLINUX=2 -D_REENTRANT -D_GNU_SOURCE   conftest.c  >&5
configure:4775: $? = 0
configure:4823: result: yes
configure:4826: checking for C compiler default output file name
configure:4828: result: a.out
configure:4834: checking for suffix of executables
configure:4841: gcc -o conftest   -pthread  -DLINUX=2 -D_REENTRANT -D_GNU_SOURCE   conftest.c  >&5
configure:4845: $? = 0
configure:4867: result: 
configure:4889: checking whether we are cross compiling
configure:4897: gcc -o conftest   -pthread  -DLINUX=2 -D_REENTRANT -D_GNU_SOURCE   conftest.c  >&5
configure:4901: $? = 0
configure:4908: ./conftest
configure:4912: $? = 0
configure:4927: result: no
configure:4932: checking for suffix of object files
configure:4954: gcc -c   -pthread  -DLINUX=2 -D_REENTRANT -D_GNU_SOURCE conftest.c >&5
configure:4958: $? = 0
configure:4979: result: o
configure:4983: checking whether we are using the GNU C compiler
configure:5002: gcc -c   -pthread  -DLINUX=2 -D_REENTRANT -D_GNU_SOURCE conftest.c >&5
configure:5002: $? = 0
configure:5011: result: yes
configure:5020: checking whether gcc accepts -g
configure:5040: gcc -c -g  -DLINUX=2 -D_REENTRANT -D_GNU_SOURCE conftest.c >&5
configure:5040: $? = 0
configure:5081: result: yes
configure:5098: checking for gcc option to accept ISO C89
configure:5162: gcc  -c   -pthread  -DLINUX=2 -D_REENTRANT -D_GNU_SOURCE conftest.c >&5
configure:5162: $? = 0
configure:5175: result: none needed
configure:5200: checking how to run the C preprocessor
configure:5270: result: gcc -E
configure:5290: gcc -E  -DLINUX=2 -D_REENTRANT -D_GNU_SOURCE conftest.c
configure:5290: $? = 0
configure:5304: gcc -E  -DLINUX=2 -D_REENTRANT -D_GNU_SOURCE conftest.c
conftest.c:9:28: error: ac_nonexistent.h: No such file or directory
configure:5304: $? = 1
configure: failed program was:
| /* confdefs.h */
| #define PACKAGE_NAME ""
| #define PACKAGE_TARNAME ""
| #define PACKAGE_VERSION ""
| #define PACKAGE_STRING ""
| #define PACKAGE_BUGREPORT ""
| #define PACKAGE_URL ""
| /* end confdefs.h.  */
| #include <ac_nonexistent.h>
configure:5451: Configuring PCRE regular expression library
configure:5924: checking for rm
configure:5942: found /bin/rm
configure:5954: result: /bin/rm
configure:5964: checking for pkg-config
configure:5982: found /usr/bin/pkg-config
configure:5994: result: /usr/bin/pkg-config
configure:6004: checking for rsync
configure:6022: found /usr/bin/rsync
configure:6034: result: /usr/bin/rsync
configure:6046: checking for gawk
configure:6062: found /bin/gawk
configure:6073: result: gawk
configure:6084: checking whether ln -s works
configure:6088: result: yes
configure:6138: checking for ranlib
configure:6154: found /usr/bin/ranlib
configure:6165: result: ranlib
configure:6191: checking for lynx
configure:6221: result: no
configure:6191: checking for links
configure:6221: result: no
configure:6191: checking for elinks
configure:6221: result: no
configure:6246: checking for grep that handles long lines and -e
configure:6304: result: /bin/grep
configure:6309: checking for egrep
configure:6371: result: /bin/grep -E
configure:6376: checking for ANSI C header files
configure:6396: gcc -c   -pthread  -DLINUX=2 -D_REENTRANT -D_GNU_SOURCE conftest.c >&5
configure:6396: $? = 0
configure:6469: gcc -o conftest   -pthread  -DLINUX=2 -D_REENTRANT -D_GNU_SOURCE   conftest.c  >&5
configure:6469: $? = 0
configure:6469: ./conftest
configure:6469: $? = 0
configure:6480: result: yes
configure:6493: checking for sys/types.h
configure:6493: gcc -c   -pthread  -DLINUX=2 -D_REENTRANT -D_GNU_SOURCE conftest.c >&5
configure:6493: $? = 0
configure:6493: result: yes
configure:6493: checking for sys/stat.h
configure:6493: gcc -c   -pthread  -DLINUX=2 -D_REENTRANT -D_GNU_SOURCE conftest.c >&5
configure:6493: $? = 0
configure:6493: result: yes
configure:6493: checking for stdlib.h
configure:6493: gcc -c   -pthread  -DLINUX=2 -D_REENTRANT -D_GNU_SOURCE conftest.c >&5
configure:6493: $? = 0
configure:6493: result: yes
configure:6493: checking for string.h
configure:6493: gcc -c   -pthread  -DLINUX=2 -D_REENTRANT -D_GNU_SOURCE conftest.c >&5
configure:6493: $? = 0
configure:6493: result: yes
configure:6493: checking for memory.h
configure:6493: gcc -c   -pthread  -DLINUX=2 -D_REENTRANT -D_GNU_SOURCE conftest.c >&5
configure:6493: $? = 0
configure:6493: result: yes
configure:6493: checking for strings.h
configure:6493: gcc -c   -pthread  -DLINUX=2 -D_REENTRANT -D_GNU_SOURCE conftest.c >&5
configure:6493: $? = 0
configure:6493: result: yes
configure:6493: checking for inttypes.h
configure:6493: gcc -c   -pthread  -DLINUX=2 -D_REENTRANT -D_GNU_SOURCE conftest.c >&5
configure:6493: $? = 0
configure:6493: result: yes
configure:6493: checking for stdint.h
configure:6493: gcc -c   -pthread  -DLINUX=2 -D_REENTRANT -D_GNU_SOURCE conftest.c >&5
configure:6493: $? = 0
configure:6493: result: yes
configure:6493: checking for unistd.h
configure:6493: gcc -c   -pthread  -DLINUX=2 -D_REENTRANT -D_GNU_SOURCE conftest.c >&5
configure:6493: $? = 0
configure:6493: result: yes
configure:6506: checking minix/config.h usability
configure:6506: gcc -c   -pthread  -DLINUX=2 -D_REENTRANT -D_GNU_SOURCE conftest.c >&5
conftest.c:52:26: error: minix/config.h: No such file or directory
configure:6506: $? = 1
configure: failed program was:
| /* confdefs.h */
| #define PACKAGE_NAME ""
| #define PACKAGE_TARNAME ""
| #define PACKAGE_VERSION ""
| #define PACKAGE_STRING ""
| #define PACKAGE_BUGREPORT ""
| #define PACKAGE_URL ""
| #define STDC_HEADERS 1
| #define HAVE_SYS_TYPES_H 1
| #define HAVE_SYS_STAT_H 1
| #define HAVE_STDLIB_H 1
| #define HAVE_STRING_H 1
| #define HAVE_MEMORY_H 1
| #define HAVE_STRINGS_H 1
| #define HAVE_INTTYPES_H 1
| #define HAVE_STDINT_H 1
| #define HAVE_UNISTD_H 1
| /* end confdefs.h.  */
| #include <stdio.h>
| #ifdef HAVE_SYS_TYPES_H
| # include <sys/types.h>
| #endif
| #ifdef HAVE_SYS_STAT_H
| # include <sys/stat.h>
| #endif
| #ifdef STDC_HEADERS
| # include <stdlib.h>
| # include <stddef.h>
| #else
| # ifdef HAVE_STDLIB_H
| #  include <stdlib.h>
| # endif
| #endif
| #ifdef HAVE_STRING_H
| # if !defined STDC_HEADERS && defined HAVE_MEMORY_H
| #  include <memory.h>
| # endif
| # include <string.h>
| #endif
| #ifdef HAVE_STRINGS_H
| # include <strings.h>
| #endif
| #ifdef HAVE_INTTYPES_H
| # include <inttypes.h>
| #endif
| #ifdef HAVE_STDINT_H
| # include <stdint.h>
| #endif
| #ifdef HAVE_UNISTD_H
| # include <unistd.h>
| #endif
| #include <minix/config.h>
configure:6506: result: no
configure:6506: checking minix/config.h presence
configure:6506: gcc -E  -DLINUX=2 -D_REENTRANT -D_GNU_SOURCE conftest.c
conftest.c:19:26: error: minix/config.h: No such file or directory
configure:6506: $? = 1
configure: failed program was:
| /* confdefs.h */
| #define PACKAGE_NAME ""
| #define PACKAGE_TARNAME ""
| #define PACKAGE_VERSION ""
| #define PACKAGE_STRING ""
| #define PACKAGE_BUGREPORT ""
| #define PACKAGE_URL ""
| #define STDC_HEADERS 1
| #define HAVE_SYS_TYPES_H 1
| #define HAVE_SYS_STAT_H 1
| #define HAVE_STDLIB_H 1
| #define HAVE_STRING_H 1
| #define HAVE_MEMORY_H 1
| #define HAVE_STRINGS_H 1
| #define HAVE_INTTYPES_H 1
| #define HAVE_STDINT_H 1
| #define HAVE_UNISTD_H 1
| /* end confdefs.h.  */
| #include <minix/config.h>
configure:6506: result: no
configure:6506: checking for minix/config.h
configure:6506: result: no
configure:6527: checking whether it is safe to define __EXTENSIONS__
configure:6545: gcc -c   -pthread  -DLINUX=2 -D_REENTRANT -D_GNU_SOURCE conftest.c >&5
configure:6545: $? = 0
configure:6552: result: yes
configure:6568: checking for library containing strerror
configure:6599: gcc -o conftest   -pthread  -DLINUX=2 -D_REENTRANT -D_GNU_SOURCE   conftest.c  >&5
configure:6599: $? = 0
configure:6616: result: none required
configure:6638: checking for APR version 1.2.0 or later
configure:6662: result: yes
configure:6695: checking for APR-util version 1.2.0 or later
configure:6719: result: yes
configure:6821: checking for ANSI C header files
configure:6925: result: yes
configure:6947: checking for string.h
configure:6947: result: yes
configure:6947: checking limits.h usability
configure:6947: gcc -c   -pthread  -DLINUX=2 -D_REENTRANT -D_GNU_SOURCE conftest.c >&5
configure:6947: $? = 0
configure:6947: result: yes
configure:6947: checking limits.h presence
configure:6947: gcc -E  -DLINUX=2 -D_REENTRANT -D_GNU_SOURCE conftest.c
configure:6947: $? = 0
configure:6947: result: yes
configure:6947: checking for limits.h
configure:6947: result: yes
configure:6947: checking for unistd.h
configure:6947: result: yes
configure:6947: checking sys/socket.h usability
configure:6947: gcc -c   -pthread  -DLINUX=2 -D_REENTRANT -D_GNU_SOURCE conftest.c >&5
configure:6947: $? = 0
configure:6947: result: yes
configure:6947: checking sys/socket.h presence
configure:6947: gcc -E  -DLINUX=2 -D_REENTRANT -D_GNU_SOURCE conftest.c
configure:6947: $? = 0
configure:6947: result: yes
configure:6947: checking for sys/socket.h
configure:6947: result: yes
configure:6947: checking pwd.h usability
configure:6947: gcc -c   -pthread  -DLINUX=2 -D_REENTRANT -D_GNU_SOURCE conftest.c >&5
configure:6947: $? = 0
configure:6947: result: yes
configure:6947: checking pwd.h presence
configure:6947: gcc -E  -DLINUX=2 -D_REENTRANT -D_GNU_SOURCE conftest.c
configure:6947: $? = 0
configure:6947: result: yes
configure:6947: checking for pwd.h
configure:6947: result: yes
configure:6947: checking grp.h usability
configure:6947: gcc -c   -pthread  -DLINUX=2 -D_REENTRANT -D_GNU_SOURCE conftest.c >&5
configure:6947: $? = 0
configure:6947: result: yes
configure:6947: checking grp.h presence
configure:6947: gcc -E  -DLINUX=2 -D_REENTRANT -D_GNU_SOURCE conftest.c
configure:6947: $? = 0
configure:6947: result: yes
configure:6947: checking for grp.h
configure:6947: result: yes
configure:6947: checking for strings.h
configure:6947: result: yes
configure:6947: checking sys/prctl.h usability
configure:6947: gcc -c   -pthread  -DLINUX=2 -D_REENTRANT -D_GNU_SOURCE conftest.c >&5
configure:6947: $? = 0
configure:6947: result: yes
configure:6947: checking sys/prctl.h presence
configure:6947: gcc -E  -DLINUX=2 -D_REENTRANT -D_GNU_SOURCE conftest.c
configure:6947: $? = 0
configure:6947: result: yes
configure:6947: checking for sys/prctl.h
configure:6947: result: yes
configure:6947: checking sys/processor.h usability
configure:6947: gcc -c   -pthread  -DLINUX=2 -D_REENTRANT -D_GNU_SOURCE conftest.c >&5
conftest.c:66:27: error: sys/processor.h: No such file or directory
configure:6947: $? = 1
configure: failed program was:
| /* confdefs.h */
| #define PACKAGE_NAME ""
| #define PACKAGE_TARNAME ""
| #define PACKAGE_VERSION ""
| #define PACKAGE_STRING ""
| #define PACKAGE_BUGREPORT ""
| #define PACKAGE_URL ""
| #define STDC_HEADERS 1
| #define HAVE_SYS_TYPES_H 1
| #define HAVE_SYS_STAT_H 1
| #define HAVE_STDLIB_H 1
| #define HAVE_STRING_H 1
| #define HAVE_MEMORY_H 1
| #define HAVE_STRINGS_H 1
| #define HAVE_INTTYPES_H 1
| #define HAVE_STDINT_H 1
| #define HAVE_UNISTD_H 1
| #define __EXTENSIONS__ 1
| #define _ALL_SOURCE 1
| #define _GNU_SOURCE 1
| #define _POSIX_PTHREAD_SEMANTICS 1
| #define _TANDEM_SOURCE 1
| #define STDC_HEADERS 1
| #define HAVE_STRING_H 1
| #define HAVE_LIMITS_H 1
| #define HAVE_UNISTD_H 1
| #define HAVE_SYS_SOCKET_H 1
| #define HAVE_PWD_H 1
| #define HAVE_GRP_H 1
| #define HAVE_STRINGS_H 1
| #define HAVE_SYS_PRCTL_H 1
| /* end confdefs.h.  */
| #include <stdio.h>
| #ifdef HAVE_SYS_TYPES_H
| # include <sys/types.h>
| #endif
| #ifdef HAVE_SYS_STAT_H
| # include <sys/stat.h>
| #endif
| #ifdef STDC_HEADERS
| # include <stdlib.h>
| # include <stddef.h>
| #else
| # ifdef HAVE_STDLIB_H
| #  include <stdlib.h>
| # endif
| #endif
| #ifdef HAVE_STRING_H
| # if !defined STDC_HEADERS && defined HAVE_MEMORY_H
| #  include <memory.h>
| # endif
| # include <string.h>
| #endif
| #ifdef HAVE_STRINGS_H
| # include <strings.h>
| #endif
| #ifdef HAVE_INTTYPES_H
| # include <inttypes.h>
| #endif
| #ifdef HAVE_STDINT_H
| # include <stdint.h>
| #endif
| #ifdef HAVE_UNISTD_H
| # include <unistd.h>
| #endif
| #include <sys/processor.h>
configure:6947: result: no
configure:6947: checking sys/processor.h presence
configure:6947: gcc -E  -DLINUX=2 -D_REENTRANT -D_GNU_SOURCE conftest.c
conftest.c:33:27: error: sys/processor.h: No such file or directory
configure:6947: $? = 1
configure: failed program was:
| /* confdefs.h */
| #define PACKAGE_NAME ""
| #define PACKAGE_TARNAME ""
| #define PACKAGE_VERSION ""
| #define PACKAGE_STRING ""
| #define PACKAGE_BUGREPORT ""
| #define PACKAGE_URL ""
| #define STDC_HEADERS 1
| #define HAVE_SYS_TYPES_H 1
| #define HAVE_SYS_STAT_H 1
| #define HAVE_STDLIB_H 1
| #define HAVE_STRING_H 1
| #define HAVE_MEMORY_H 1
| #define HAVE_STRINGS_H 1
| #define HAVE_INTTYPES_H 1
| #define HAVE_STDINT_H 1
| #define HAVE_UNISTD_H 1
| #define __EXTENSIONS__ 1
| #define _ALL_SOURCE 1
| #define _GNU_SOURCE 1
| #define _POSIX_PTHREAD_SEMANTICS 1
| #define _TANDEM_SOURCE 1
| #define STDC_HEADERS 1
| #define HAVE_STRING_H 1
| #define HAVE_LIMITS_H 1
| #define HAVE_UNISTD_H 1
| #define HAVE_SYS_SOCKET_H 1
| #define HAVE_PWD_H 1
| #define HAVE_GRP_H 1
| #define HAVE_STRINGS_H 1
| #define HAVE_SYS_PRCTL_H 1
| /* end confdefs.h.  */
| #include <sys/processor.h>
configure:6947: result: no
configure:6947: checking for sys/processor.h
configure:6947: result: no
configure:6947: checking sys/sem.h usability
configure:6947: gcc -c   -pthread  -DLINUX=2 -D_REENTRANT -D_GNU_SOURCE conftest.c >&5
configure:6947: $? = 0
configure:6947: result: yes
configure:6947: checking sys/sem.h presence
configure:6947: gcc -E  -DLINUX=2 -D_REENTRANT -D_GNU_SOURCE conftest.c
configure:6947: $? = 0
configure:6947: result: yes
configure:6947: checking for sys/sem.h
configure:6947: result: yes
configure:6957: checking for sys/wait.h that is POSIX.1 compatible
configure:6983: gcc -c   -pthread  -DLINUX=2 -D_REENTRANT -D_GNU_SOURCE conftest.c >&5
configure:6983: $? = 0
configure:6990: result: yes
configure:7000: checking for an ANSI C-conforming const
configure:7065: gcc -c   -pthread  -DLINUX=2 -D_REENTRANT -D_GNU_SOURCE conftest.c >&5
configure:7065: $? = 0
configure:7072: result: yes
configure:7081: checking for library containing sqrt
configure:7112: gcc -o conftest   -pthread  -DLINUX=2 -D_REENTRANT -D_GNU_SOURCE   conftest.c  >&5
conftest.c:42: warning: conflicting types for built-in function 'sqrt'
/tmp/ccW4G3yc.o: In function `main':
conftest.c:(.text+0xa): undefined reference to `sqrt'
collect2: ld returned 1 exit status
configure:7112: $? = 1
configure: failed program was:
| /* confdefs.h */
| #define PACKAGE_NAME ""
| #define PACKAGE_TARNAME ""
| #define PACKAGE_VERSION ""
| #define PACKAGE_STRING ""
| #define PACKAGE_BUGREPORT ""
| #define PACKAGE_URL ""
| #define STDC_HEADERS 1
| #define HAVE_SYS_TYPES_H 1
| #define HAVE_SYS_STAT_H 1
| #define HAVE_STDLIB_H 1
| #define HAVE_STRING_H 1
| #define HAVE_MEMORY_H 1
| #define HAVE_STRINGS_H 1
| #define HAVE_INTTYPES_H 1
| #define HAVE_STDINT_H 1
| #define HAVE_UNISTD_H 1
| #define __EXTENSIONS__ 1
| #define _ALL_SOURCE 1
| #define _GNU_SOURCE 1
| #define _POSIX_PTHREAD_SEMANTICS 1
| #define _TANDEM_SOURCE 1
| #define STDC_HEADERS 1
| #define HAVE_STRING_H 1
| #define HAVE_LIMITS_H 1
| #define HAVE_UNISTD_H 1
| #define HAVE_SYS_SOCKET_H 1
| #define HAVE_PWD_H 1
| #define HAVE_GRP_H 1
| #define HAVE_STRINGS_H 1
| #define HAVE_SYS_PRCTL_H 1
| #define HAVE_SYS_SEM_H 1
| #define HAVE_SYS_WAIT_H 1
| /* end confdefs.h.  */
| 
| /* Override any GCC internal prototype to avoid an error.
|    Use char because int might match the return type of a GCC
|    builtin and then its argument prototype would still apply.  */
| #ifdef __cplusplus
| extern "C"
| #endif
| char sqrt ();
| int
| main ()
| {
| return sqrt ();
|   ;
|   return 0;
| }
configure:7112: gcc -o conftest   -pthread  -DLINUX=2 -D_REENTRANT -D_GNU_SOURCE   conftest.c -lm   >&5
conftest.c:42: warning: conflicting types for built-in function 'sqrt'
configure:7112: $? = 0
configure:7129: result: -lm
configure:7140: checking for library containing crypt
configure:7171: gcc -o conftest   -pthread  -DLINUX=2 -D_REENTRANT -D_GNU_SOURCE   conftest.c  >&5
/tmp/ccugB3un.o: In function `main':
conftest.c:(.text+0xa): undefined reference to `crypt'
collect2: ld returned 1 exit status
configure:7171: $? = 1
configure: failed program was:
| /* confdefs.h */
| #define PACKAGE_NAME ""
| #define PACKAGE_TARNAME ""
| #define PACKAGE_VERSION ""
| #define PACKAGE_STRING ""
| #define PACKAGE_BUGREPORT ""
| #define PACKAGE_URL ""
| #define STDC_HEADERS 1
| #define HAVE_SYS_TYPES_H 1
| #define HAVE_SYS_STAT_H 1
| #define HAVE_STDLIB_H 1
| #define HAVE_STRING_H 1
| #define HAVE_MEMORY_H 1
| #define HAVE_STRINGS_H 1
| #define HAVE_INTTYPES_H 1
| #define HAVE_STDINT_H 1
| #define HAVE_UNISTD_H 1
| #define __EXTENSIONS__ 1
| #define _ALL_SOURCE 1
| #define _GNU_SOURCE 1
| #define _POSIX_PTHREAD_SEMANTICS 1
| #define _TANDEM_SOURCE 1
| #define STDC_HEADERS 1
| #define HAVE_STRING_H 1
| #define HAVE_LIMITS_H 1
| #define HAVE_UNISTD_H 1
| #define HAVE_SYS_SOCKET_H 1
| #define HAVE_PWD_H 1
| #define HAVE_GRP_H 1
| #define HAVE_STRINGS_H 1
| #define HAVE_SYS_PRCTL_H 1
| #define HAVE_SYS_SEM_H 1
| #define HAVE_SYS_WAIT_H 1
| /* end confdefs.h.  */
| 
| /* Override any GCC internal prototype to avoid an error.
|    Use char because int might match the return type of a GCC
|    builtin and then its argument prototype would still apply.  */
| #ifdef __cplusplus
| extern "C"
| #endif
| char crypt ();
| int
| main ()
| {
| return crypt ();
|   ;
|   return 0;
| }
configure:7171: gcc -o conftest   -pthread  -DLINUX=2 -D_REENTRANT -D_GNU_SOURCE   conftest.c -lcrypt   >&5
configure:7171: $? = 0
configure:7188: result: -lcrypt
configure:7215: checking for getpwnam
configure:7215: gcc -o conftest   -pthread  -DLINUX=2 -D_REENTRANT -D_GNU_SOURCE   conftest.c -lm  >&5
configure:7215: $? = 0
configure:7215: result: yes
configure:7215: checking for getgrnam
configure:7215: gcc -o conftest   -pthread  -DLINUX=2 -D_REENTRANT -D_GNU_SOURCE   conftest.c -lm  >&5
configure:7215: $? = 0
configure:7215: result: yes
configure:7215: checking for initgroups
configure:7215: gcc -o conftest   -pthread  -DLINUX=2 -D_REENTRANT -D_GNU_SOURCE   conftest.c -lm  >&5
configure:7215: $? = 0
configure:7215: result: yes
configure:7215: checking for bindprocessor
configure:7215: gcc -o conftest   -pthread  -DLINUX=2 -D_REENTRANT -D_GNU_SOURCE   conftest.c -lm  >&5
/tmp/cci6ocWL.o: In function `main':
conftest.c:(.text+0xa): undefined reference to `bindprocessor'
collect2: ld returned 1 exit status
configure:7215: $? = 1
configure: failed program was:
| /* confdefs.h */
| #define PACKAGE_NAME ""
| #define PACKAGE_TARNAME ""
| #define PACKAGE_VERSION ""
| #define PACKAGE_STRING ""
| #define PACKAGE_BUGREPORT ""
| #define PACKAGE_URL ""
| #define STDC_HEADERS 1
| #define HAVE_SYS_TYPES_H 1
| #define HAVE_SYS_STAT_H 1
| #define HAVE_STDLIB_H 1
| #define HAVE_STRING_H 1
| #define HAVE_MEMORY_H 1
| #define HAVE_STRINGS_H 1
| #define HAVE_INTTYPES_H 1
| #define HAVE_STDINT_H 1
| #define HAVE_UNISTD_H 1
| #define __EXTENSIONS__ 1
| #define _ALL_SOURCE 1
| #define _GNU_SOURCE 1
| #define _POSIX_PTHREAD_SEMANTICS 1
| #define _TANDEM_SOURCE 1
| #define STDC_HEADERS 1
| #define HAVE_STRING_H 1
| #define HAVE_LIMITS_H 1
| #define HAVE_UNISTD_H 1
| #define HAVE_SYS_SOCKET_H 1
| #define HAVE_PWD_H 1
| #define HAVE_GRP_H 1
| #define HAVE_STRINGS_H 1
| #define HAVE_SYS_PRCTL_H 1
| #define HAVE_SYS_SEM_H 1
| #define HAVE_SYS_WAIT_H 1
| #define HAVE_GETPWNAM 1
| #define HAVE_GETGRNAM 1
| #define HAVE_INITGROUPS 1
| /* end confdefs.h.  */
| /* Define bindprocessor to an innocuous variant, in case <limits.h> declares bindprocessor.
|    For example, HP-UX 11i <limits.h> declares gettimeofday.  */
| #define bindprocessor innocuous_bindprocessor
| 
| /* System header to define __stub macros and hopefully few prototypes,
|     which can conflict with char bindprocessor (); below.
|     Prefer <limits.h> to <assert.h> if __STDC__ is defined, since
|     <limits.h> exists even on freestanding compilers.  */
| 
| #ifdef __STDC__
| # include <limits.h>
| #else
| # include <assert.h>
| #endif
| 
| #undef bindprocessor
| 
| /* Override any GCC internal prototype to avoid an error.
|    Use char because int might match the return type of a GCC
|    builtin and then its argument prototype would still apply.  */
| #ifdef __cplusplus
| extern "C"
| #endif
| char bindprocessor ();
| /* The GNU C library defines this for functions which it implements
|     to always fail with ENOSYS.  Some functions are actually named
|     something starting with __ and the normal name is an alias.  */
| #if defined __stub_bindprocessor || defined __stub___bindprocessor
| choke me
| #endif
| 
| int
| main ()
| {
| return bindprocessor ();
|   ;
|   return 0;
| }
configure:7215: result: no
configure:7215: checking for prctl
configure:7215: gcc -o conftest   -pthread  -DLINUX=2 -D_REENTRANT -D_GNU_SOURCE   conftest.c -lm  >&5
configure:7215: $? = 0
configure:7215: result: yes
configure:7215: checking for timegm
configure:7215: gcc -o conftest   -pthread  -DLINUX=2 -D_REENTRANT -D_GNU_SOURCE   conftest.c -lm  >&5
configure:7215: $? = 0
configure:7215: result: yes
configure:7215: checking for getpgid
configure:7215: gcc -o conftest   -pthread  -DLINUX=2 -D_REENTRANT -D_GNU_SOURCE   conftest.c -lm  >&5
configure:7215: $? = 0
configure:7215: result: yes
configure:7227: checking for void pointer length
configure:7243: gcc -o conftest   -pthread  -DLINUX=2 -D_REENTRANT -D_GNU_SOURCE   conftest.c -lm  >&5
configure:7243: $? = 0
configure:7243: ./conftest
configure:7243: $? = 0
configure:7253: result: no
configure:7261: checking for tm_gmtoff in struct tm
configure:7278: gcc -c   -pthread  -DLINUX=2 -D_REENTRANT -D_GNU_SOURCE conftest.c >&5
configure:7278: $? = 0
configure:7285: result: yes
configure:7521: checking whether to enable mod_authn_file
configure:7559: result: yes (default)
configure:7614: checking whether to enable mod_authn_dbm
configure:7652: result: no
configure:7707: checking whether to enable mod_authn_anon
configure:7745: result: no
configure:7800: checking whether to enable mod_authn_dbd
configure:7838: result: no
configure:7894: checking whether to enable mod_authn_default
configure:7932: result: yes (default)
configure:7988: checking whether to enable mod_authn_alias
configure:8026: result: no
configure:8082: checking whether to enable mod_authz_host
configure:8120: result: yes (default)
configure:8175: checking whether to enable mod_authz_groupfile
configure:8213: result: yes (default)
configure:8268: checking whether to enable mod_authz_user
configure:8306: result: yes (default)
configure:8361: checking whether to enable mod_authz_dbm
configure:8399: result: no
configure:8454: checking whether to enable mod_authz_owner
configure:8492: result: no
configure:8548: checking whether to enable mod_authnz_ldap
configure:8600: result: no
configure:8656: checking whether to enable mod_authz_default
configure:8694: result: yes (default)
configure:8751: checking whether to enable mod_auth_basic
configure:8789: result: yes (default)
configure:8844: checking whether to enable mod_auth_digest
configure:8921: result: no
configure:9002: checking whether to enable mod_isapi
configure:9040: result: no
configure:9121: checking whether to enable mod_file_cache
configure:9159: result: no
configure:9217: checking whether to enable mod_cache
configure:9255: result: no
configure:9310: checking whether to enable mod_disk_cache
configure:9348: result: no
configure:9403: checking whether to enable mod_mem_cache
configure:9441: result: no
configure:9521: checking whether to enable mod_dbd
configure:9559: result: no
configure:9639: checking whether to enable mod_bucketeer
configure:9677: result: no
configure:9732: checking whether to enable mod_dumpio
configure:9770: result: no
configure:9851: checking whether to enable mod_echo
configure:9889: result: no
configure:9969: checking whether to enable mod_example
configure:10007: result: no
configure:10062: checking whether to enable mod_case_filter
configure:10100: result: no
configure:10155: checking whether to enable mod_case_filter_in
configure:10193: result: no
configure:10274: checking whether to enable mod_reqtimeout
configure:10312: result: no
configure:10367: checking whether to enable mod_ext_filter
configure:10405: result: no
configure:10460: checking whether to enable mod_include
configure:10498: result: yes (default)
configure:10553: checking whether to enable mod_filter
configure:10591: result: yes (default)
configure:10646: checking whether to enable mod_substitute
configure:10684: result: no
configure:10837: checking whether to enable mod_charset_lite
configure:10875: result: no
configure:10933: checking whether to enable mod_deflate
configure:11163: result: no
configure:11245: checking whether to enable mod_ldap
configure:11297: result: no
configure:11378: checking whether to enable mod_log_config
configure:11416: result: yes (default)
configure:11471: checking whether to enable mod_log_forensic
configure:11509: result: no
configure:11590: checking whether to enable mod_logio
configure:11628: result: no
configure:11709: checking whether to enable mod_env
configure:11747: result: yes (default)
configure:11802: checking whether to enable mod_mime_magic
configure:11840: result: no
configure:11895: checking whether to enable mod_cern_meta
configure:11933: result: no
configure:11988: checking whether to enable mod_expires
configure:12026: result: no
configure:12081: checking whether to enable mod_headers
configure:12119: result: no
configure:12174: checking whether to enable mod_ident
configure:12212: result: no
configure:12268: checking whether to enable mod_usertrack
configure:12341: result: no
configure:12397: checking whether to enable mod_unique_id
configure:12435: result: no
configure:12490: checking whether to enable mod_setenvif
configure:12528: result: yes (default)
configure:12583: checking whether to enable mod_version
configure:12621: result: yes (default)
configure:12710: checking whether to enable mod_proxy
configure:12748: result: no
configure:12824: checking whether to enable mod_proxy_connect
configure:12862: result: no
configure:12917: checking whether to enable mod_proxy_ftp
configure:12955: result: no
configure:13010: checking whether to enable mod_proxy_http
configure:13048: result: no
configure:13103: checking whether to enable mod_proxy_scgi
configure:13141: result: no
configure:13196: checking whether to enable mod_proxy_ajp
configure:13234: result: no
configure:13289: checking whether to enable mod_proxy_balancer
configure:13327: result: no
configure:13432: checking whether to enable mod_ssl
configure:14085: result: no
configure:14189: checking whether to enable mod_optional_hook_export
configure:14227: result: no
configure:14282: checking whether to enable mod_optional_hook_import
configure:14320: result: no
configure:14375: checking whether to enable mod_optional_fn_import
configure:14413: result: no
configure:14468: checking whether to enable mod_optional_fn_export
configure:14506: result: no
configure:14599: checking for target platform
configure:14628: result: unix
configure:14660: checking for rlim_t
configure:14681: gcc -c   -pthread  -DLINUX=2 -D_REENTRANT -D_GNU_SOURCE conftest.c >&5
configure:14681: $? = 0
configure:14692: result: yes
configure:14704: checking sys/time.h usability
configure:14704: gcc -c   -pthread  -DLINUX=2 -D_REENTRANT -D_GNU_SOURCE conftest.c >&5
configure:14704: $? = 0
configure:14704: result: yes
configure:14704: checking sys/time.h presence
configure:14704: gcc -E  -DLINUX=2 -D_REENTRANT -D_GNU_SOURCE conftest.c
configure:14704: $? = 0
configure:14704: result: yes
configure:14704: checking for sys/time.h
configure:14704: result: yes
configure:14704: checking sys/resource.h usability
configure:14704: gcc -c   -pthread  -DLINUX=2 -D_REENTRANT -D_GNU_SOURCE conftest.c >&5
configure:14704: $? = 0
configure:14704: result: yes
configure:14704: checking sys/resource.h presence
configure:14704: gcc -E  -DLINUX=2 -D_REENTRANT -D_GNU_SOURCE conftest.c
configure:14704: $? = 0
configure:14704: result: yes
configure:14704: checking for sys/resource.h
configure:14704: result: yes
configure:14704: checking for sys/sem.h
configure:14704: result: yes
configure:14704: checking sys/ipc.h usability
configure:14704: gcc -c   -pthread  -DLINUX=2 -D_REENTRANT -D_GNU_SOURCE conftest.c >&5
configure:14704: $? = 0
configure:14704: result: yes
configure:14704: checking sys/ipc.h presence
configure:14704: gcc -E  -DLINUX=2 -D_REENTRANT -D_GNU_SOURCE conftest.c
configure:14704: $? = 0
configure:14704: result: yes
configure:14704: checking for sys/ipc.h
configure:14704: result: yes
configure:14718: checking for setsid
configure:14718: gcc -o conftest   -pthread  -DLINUX=2 -D_REENTRANT -D_GNU_SOURCE   conftest.c -lm  >&5
configure:14718: $? = 0
configure:14718: result: yes
configure:14718: checking for killpg
configure:14718: gcc -o conftest   -pthread  -DLINUX=2 -D_REENTRANT -D_GNU_SOURCE   conftest.c -lm  >&5
configure:14718: $? = 0
configure:14718: result: yes
configure:14734: checking bstring.h usability
configure:14734: gcc -c   -pthread  -DLINUX=2 -D_REENTRANT -D_GNU_SOURCE conftest.c >&5
conftest.c:82:21: error: bstring.h: No such file or directory
configure:14734: $? = 1
configure: failed program was:
| /* confdefs.h */
| #define PACKAGE_NAME ""
| #define PACKAGE_TARNAME ""
| #define PACKAGE_VERSION ""
| #define PACKAGE_STRING ""
| #define PACKAGE_BUGREPORT ""
| #define PACKAGE_URL ""
| #define STDC_HEADERS 1
| #define HAVE_SYS_TYPES_H 1
| #define HAVE_SYS_STAT_H 1
| #define HAVE_STDLIB_H 1
| #define HAVE_STRING_H 1
| #define HAVE_MEMORY_H 1
| #define HAVE_STRINGS_H 1
| #define HAVE_INTTYPES_H 1
| #define HAVE_STDINT_H 1
| #define HAVE_UNISTD_H 1
| #define __EXTENSIONS__ 1
| #define _ALL_SOURCE 1
| #define _GNU_SOURCE 1
| #define _POSIX_PTHREAD_SEMANTICS 1
| #define _TANDEM_SOURCE 1
| #define STDC_HEADERS 1
| #define HAVE_STRING_H 1
| #define HAVE_LIMITS_H 1
| #define HAVE_UNISTD_H 1
| #define HAVE_SYS_SOCKET_H 1
| #define HAVE_PWD_H 1
| #define HAVE_GRP_H 1
| #define HAVE_STRINGS_H 1
| #define HAVE_SYS_PRCTL_H 1
| #define HAVE_SYS_SEM_H 1
| #define HAVE_SYS_WAIT_H 1
| #define HAVE_GETPWNAM 1
| #define HAVE_GETGRNAM 1
| #define HAVE_INITGROUPS 1
| #define HAVE_PRCTL 1
| #define HAVE_TIMEGM 1
| #define HAVE_GETPGID 1
| #define HAVE_GMTOFF 1
| #define AP_ENABLE_V4_MAPPED 1
| #define HAVE_SYS_TIME_H 1
| #define HAVE_SYS_RESOURCE_H 1
| #define HAVE_SYS_SEM_H 1
| #define HAVE_SYS_IPC_H 1
| #define HAVE_SETSID 1
| #define HAVE_KILLPG 1
| /* end confdefs.h.  */
| #include <stdio.h>
| #ifdef HAVE_SYS_TYPES_H
| # include <sys/types.h>
| #endif
| #ifdef HAVE_SYS_STAT_H
| # include <sys/stat.h>
| #endif
| #ifdef STDC_HEADERS
| # include <stdlib.h>
| # include <stddef.h>
| #else
| # ifdef HAVE_STDLIB_H
| #  include <stdlib.h>
| # endif
| #endif
| #ifdef HAVE_STRING_H
| # if !defined STDC_HEADERS && defined HAVE_MEMORY_H
| #  include <memory.h>
| # endif
| # include <string.h>
| #endif
| #ifdef HAVE_STRINGS_H
| # include <strings.h>
| #endif
| #ifdef HAVE_INTTYPES_H
| # include <inttypes.h>
| #endif
| #ifdef HAVE_STDINT_H
| # include <stdint.h>
| #endif
| #ifdef HAVE_UNISTD_H
| # include <unistd.h>
| #endif
| #include <bstring.h>
configure:14734: result: no
configure:14734: checking bstring.h presence
configure:14734: gcc -E  -DLINUX=2 -D_REENTRANT -D_GNU_SOURCE conftest.c
conftest.c:49:21: error: bstring.h: No such file or directory
configure:14734: $? = 1
configure: failed program was:
| /* confdefs.h */
| #define PACKAGE_NAME ""
| #define PACKAGE_TARNAME ""
| #define PACKAGE_VERSION ""
| #define PACKAGE_STRING ""
| #define PACKAGE_BUGREPORT ""
| #define PACKAGE_URL ""
| #define STDC_HEADERS 1
| #define HAVE_SYS_TYPES_H 1
| #define HAVE_SYS_STAT_H 1
| #define HAVE_STDLIB_H 1
| #define HAVE_STRING_H 1
| #define HAVE_MEMORY_H 1
| #define HAVE_STRINGS_H 1
| #define HAVE_INTTYPES_H 1
| #define HAVE_STDINT_H 1
| #define HAVE_UNISTD_H 1
| #define __EXTENSIONS__ 1
| #define _ALL_SOURCE 1
| #define _GNU_SOURCE 1
| #define _POSIX_PTHREAD_SEMANTICS 1
| #define _TANDEM_SOURCE 1
| #define STDC_HEADERS 1
| #define HAVE_STRING_H 1
| #define HAVE_LIMITS_H 1
| #define HAVE_UNISTD_H 1
| #define HAVE_SYS_SOCKET_H 1
| #define HAVE_PWD_H 1
| #define HAVE_GRP_H 1
| #define HAVE_STRINGS_H 1
| #define HAVE_SYS_PRCTL_H 1
| #define HAVE_SYS_SEM_H 1
| #define HAVE_SYS_WAIT_H 1
| #define HAVE_GETPWNAM 1
| #define HAVE_GETGRNAM 1
| #define HAVE_INITGROUPS 1
| #define HAVE_PRCTL 1
| #define HAVE_TIMEGM 1
| #define HAVE_GETPGID 1
| #define HAVE_GMTOFF 1
| #define AP_ENABLE_V4_MAPPED 1
| #define HAVE_SYS_TIME_H 1
| #define HAVE_SYS_RESOURCE_H 1
| #define HAVE_SYS_SEM_H 1
| #define HAVE_SYS_IPC_H 1
| #define HAVE_SETSID 1
| #define HAVE_KILLPG 1
| /* end confdefs.h.  */
| #include <bstring.h>
configure:14734: result: no
configure:14734: checking for bstring.h
configure:14734: result: no
configure:14734: checking for unistd.h
configure:14734: result: yes
configure:14749: checking for syslog
configure:14749: gcc -o conftest   -pthread  -DLINUX=2 -D_REENTRANT -D_GNU_SOURCE   conftest.c -lm  >&5
configure:14749: $? = 0
configure:14749: result: yes
configure:14761: checking sys/times.h usability
configure:14761: gcc -c   -pthread  -DLINUX=2 -D_REENTRANT -D_GNU_SOURCE conftest.c >&5
configure:14761: $? = 0
configure:14761: result: yes
configure:14761: checking sys/times.h presence
configure:14761: gcc -E  -DLINUX=2 -D_REENTRANT -D_GNU_SOURCE conftest.c
configure:14761: $? = 0
configure:14761: result: yes
configure:14761: checking for sys/times.h
configure:14761: result: yes
configure:14773: checking for times
configure:14773: gcc -o conftest   -pthread  -DLINUX=2 -D_REENTRANT -D_GNU_SOURCE   conftest.c -lm  >&5
configure:14773: $? = 0
configure:14773: result: yes
configure:14783: checking which MPM to use
configure:14799: result: prefork
configure:15678: checking whether to enable mod_http
configure:15716: result: yes
configure:15771: checking whether to enable mod_mime
configure:15809: result: yes (default)
configure:15878: checking for extra modules
configure:15938: result: none
configure:15963: checking whether to enable mod_dav
configure:16001: result: no
configure:16109: checking whether to enable mod_status
configure:16147: result: yes (default)
configure:16202: checking whether to enable mod_autoindex
configure:16240: result: yes (default)
configure:16295: checking whether to enable mod_asis
configure:16333: result: yes (default)
configure:16388: checking whether to enable mod_info
configure:16426: result: no
configure:16481: checking whether to enable mod_suexec
configure:16531: result: no
configure:16789: checking whether to enable mod_cgi
configure:16827: result: yes (default)
configure:16882: checking whether to enable mod_cgid
configure:16920: result: no
configure:17163: checking whether to enable mod_dav_fs
configure:17201: result: no
configure:17291: checking whether to enable mod_dav_lock
configure:17329: result: no
configure:17410: checking whether to enable mod_vhost_alias
configure:17448: result: no
configure:17503: checking whether to enable mod_negotiation
configure:17541: result: yes (default)
configure:17596: checking whether to enable mod_dir
configure:17634: result: yes (default)
configure:17689: checking whether to enable mod_imagemap
configure:17727: result: no
configure:17782: checking whether to enable mod_actions
configure:17820: result: yes (default)
configure:17875: checking whether to enable mod_speling
configure:17913: result: no
configure:17968: checking whether to enable mod_userdir
configure:18006: result: yes (default)
configure:18061: checking whether to enable mod_alias
configure:18099: result: yes (default)
configure:18155: checking whether to enable mod_rewrite
configure:18193: result: no
configure:18332: checking whether to enable mod_so
configure:18370: result: yes
configure:19359: creating ./config.status

## ---------------------- ##
## Running config.status. ##
## ---------------------- ##

This file was extended by config.status, which was
generated by GNU Autoconf 2.67.  Invocation command line was

  CONFIG_FILES    = 
  CONFIG_HEADERS  = 
  CONFIG_LINKS    = 
  CONFIG_COMMANDS = 
  $ ./config.status 

on localhost.localdomain

config.status:1128: creating docs/conf/httpd.conf
config.status:1128: creating docs/conf/extra/httpd-autoindex.conf
config.status:1128: creating docs/conf/extra/httpd-dav.conf
config.status:1128: creating docs/conf/extra/httpd-default.conf
config.status:1128: creating docs/conf/extra/httpd-info.conf
config.status:1128: creating docs/conf/extra/httpd-languages.conf
config.status:1128: creating docs/conf/extra/httpd-manual.conf
config.status:1128: creating docs/conf/extra/httpd-mpm.conf
config.status:1128: creating docs/conf/extra/httpd-multilang-errordoc.conf
config.status:1128: creating docs/conf/extra/httpd-ssl.conf
config.status:1128: creating docs/conf/extra/httpd-userdir.conf
config.status:1128: creating docs/conf/extra/httpd-vhosts.conf
config.status:1128: creating include/ap_config_layout.h
config.status:1128: creating support/apxs
config.status:1128: creating support/apachectl
config.status:1128: creating support/dbmmanage
config.status:1128: creating support/envvars-std
config.status:1128: creating support/log_server_status
config.status:1128: creating support/logresolve.pl
config.status:1128: creating support/phf_abuse_log.cgi
config.status:1128: creating support/split-logfile
config.status:1128: creating build/rules.mk
config.status:1128: creating build/pkg/pkginfo
config.status:1128: creating build/config_vars.sh
config.status:1128: creating include/ap_config_auto.h
config.status:1311: executing default commands

## ---------------- ##
## Cache variables. ##
## ---------------- ##

ac_cv_build=x86_64-unknown-linux-gnu
ac_cv_c_compiler_gnu=yes
ac_cv_c_const=yes
ac_cv_define_APR_HAS_DSO=yes
ac_cv_define_APR_HAVE_IPV6=yes
ac_cv_env_CC_set=
ac_cv_env_CC_value=
ac_cv_env_CFLAGS_set=
ac_cv_env_CFLAGS_value=
ac_cv_env_CPPFLAGS_set=
ac_cv_env_CPPFLAGS_value=
ac_cv_env_CPP_set=
ac_cv_env_CPP_value=
ac_cv_env_LDFLAGS_set=
ac_cv_env_LDFLAGS_value=
ac_cv_env_LIBS_set=
ac_cv_env_LIBS_value=
ac_cv_env_build_alias_set=
ac_cv_env_build_alias_value=
ac_cv_env_host_alias_set=
ac_cv_env_host_alias_value=
ac_cv_env_target_alias_set=
ac_cv_env_target_alias_value=
ac_cv_func_bindprocessor=no
ac_cv_func_getgrnam=yes
ac_cv_func_getpgid=yes
ac_cv_func_getpwnam=yes
ac_cv_func_initgroups=yes
ac_cv_func_killpg=yes
ac_cv_func_prctl=yes
ac_cv_func_setsid=yes
ac_cv_func_syslog=yes
ac_cv_func_timegm=yes
ac_cv_func_times=yes
ac_cv_header_bstring_h=no
ac_cv_header_grp_h=yes
ac_cv_header_inttypes_h=yes
ac_cv_header_limits_h=yes
ac_cv_header_memory_h=yes
ac_cv_header_minix_config_h=no
ac_cv_header_pwd_h=yes
ac_cv_header_stdc=yes
ac_cv_header_stdint_h=yes
ac_cv_header_stdlib_h=yes
ac_cv_header_string_h=yes
ac_cv_header_strings_h=yes
ac_cv_header_sys_ipc_h=yes
ac_cv_header_sys_prctl_h=yes
ac_cv_header_sys_processor_h=no
ac_cv_header_sys_resource_h=yes
ac_cv_header_sys_sem_h=yes
ac_cv_header_sys_socket_h=yes
ac_cv_header_sys_stat_h=yes
ac_cv_header_sys_time_h=yes
ac_cv_header_sys_times_h=yes
ac_cv_header_sys_types_h=yes
ac_cv_header_sys_wait_h=yes
ac_cv_header_unistd_h=yes
ac_cv_host=x86_64-unknown-linux-gnu
ac_cv_mkdir_p=yes
ac_cv_objext=o
ac_cv_path_EGREP='/bin/grep -E'
ac_cv_path_GREP=/bin/grep
ac_cv_path_PKGCONFIG=/usr/bin/pkg-config
ac_cv_path_RM=/bin/rm
ac_cv_path_RSYNC=/usr/bin/rsync
ac_cv_prog_AWK=gawk
ac_cv_prog_CPP='gcc -E'
ac_cv_prog_ac_ct_CC=gcc
ac_cv_prog_ac_ct_RANLIB=ranlib
ac_cv_prog_cc_c89=
ac_cv_prog_cc_g=yes
ac_cv_safe_to_define___extensions__=yes
ac_cv_search_crypt=-lcrypt
ac_cv_search_sqrt=-lm
ac_cv_search_strerror='none required'
ac_cv_struct_tm_gmtoff=yes
ac_cv_target=x86_64-unknown-linux-gnu
ac_cv_type_rlim_t=yes
ap_cv_aprver12=yes
ap_cv_apuver12=yes
ap_cv_void_ptr_lt_long=no
apache_cv_mpm=prefork

## ----------------- ##
## Output variables. ##
## ----------------- ##

APACHECTL_ULIMIT='ulimit -S -n `ulimit -H -n`'
APR_BINDIR='/usr/bin'
APR_CONFIG='/usr/bin/apr-1-config'
APR_INCLUDEDIR='/usr/include/apr-1'
APR_VERSION='1.3.9'
APU_BINDIR='/usr/bin'
APU_CONFIG='/usr/bin/apu-1-config'
APU_INCLUDEDIR='/usr/include/apr-1'
APU_VERSION='1.3.9'
AP_BUILD_SRCLIB_DIRS=' pcre'
AP_CLEAN_SRCLIB_DIRS=' pcre'
AP_LIBS='/home/adam/Documents/db-prov-2015/src/httpd-execution-partitions-2.2.31/srclib/pcre/libpcre.la  /usr/lib64/libaprutil-1.la  -ldb-4.7    -lexpat -ldb-4.7     /usr/lib64/libapr-1.la  -lpthread'
AWK='gawk'
BUILTIN_LIBS=' modules/aaa/libmod_authn_file.la modules/aaa/libmod_authn_default.la modules/aaa/libmod_authz_host.la modules/aaa/libmod_authz_groupfile.la modules/aaa/libmod_authz_user.la modules/aaa/libmod_authz_default.la modules/aaa/libmod_auth_basic.la modules/filters/libmod_include.la modules/filters/libmod_filter.la modules/loggers/libmod_log_config.la modules/metadata/libmod_env.la modules/metadata/libmod_setenvif.la modules/metadata/libmod_version.la modules/http/libmod_http.la modules/http/libmod_mime.la modules/generators/libmod_status.la modules/generators/libmod_autoindex.la modules/generators/libmod_asis.la modules/generators/libmod_cgi.la modules/mappers/libmod_negotiation.la modules/mappers/libmod_dir.la modules/mappers/libmod_actions.la modules/mappers/libmod_userdir.la modules/mappers/libmod_alias.la modules/mappers/libmod_so.la'
CC='gcc'
CFLAGS=''
CORE_IMPLIB=''
CORE_IMPLIB_FILE=''
CPP='gcc -E'
CPPFLAGS=''
CRYPT_LIBS='-lcrypt '
CXX=''
CXXFLAGS=''
DEFS='-DHAVE_CONFIG_H'
DSO_MODULES=''
ECHO_C=''
ECHO_N='-n'
ECHO_T=''
EGREP='/bin/grep -E'
EXEEXT=''
EXTRA_CFLAGS='  -pthread'
EXTRA_CPPFLAGS=' -DLINUX=2 -D_REENTRANT -D_GNU_SOURCE'
EXTRA_CXXFLAGS=''
EXTRA_INCLUDES='-I$(top_builddir)/srclib/pcre -I. -I$(top_srcdir)/os/$(OS_DIR) -I$(top_srcdir)/server/mpm/$(MPM_SUBDIR_NAME) -I$(top_srcdir)/modules/http -I$(top_srcdir)/modules/filters -I$(top_srcdir)/modules/proxy -I$(top_srcdir)/include -I$(top_srcdir)/modules/generators -I$(top_srcdir)/modules/mappers -I$(top_srcdir)/modules/database -I/usr/include/apr-1 -I$(top_srcdir)/modules/proxy/../generators -I$(top_srcdir)/modules/ssl -I$(top_srcdir)/modules/dav/main'
EXTRA_LDFLAGS=' '
EXTRA_LIBS='-lm '
GREP='/bin/grep'
HTTPD_LDFLAGS='-export-dynamic'
HTTPD_VERSION='2.2.31'
INCLUDES=''
INSTALL='$(LIBTOOL) --mode=install $(abs_srcdir)/build/install.sh -c'
INSTALL_DSO='yes'
INSTALL_PROG_FLAGS=''
LDFLAGS=''
LIBOBJS=''
LIBS=''
LIBTOOL='/usr/lib64/apr-1/build/libtool $(LTFLAGS)'
LN_S='ln -s'
LTCFLAGS='-prefer-non-pic -static'
LTFLAGS='--silent'
LTLIBOBJS=''
LT_LDFLAGS=''
LYNX_PATH='lynx'
MKDEP='$(CC) -MM'
MKINSTALLDIRS='$(abs_srcdir)/build/mkdir.sh'
MK_IMPLIB=''
MODULE_CLEANDIRS=' arch/win32 cache database debug echo experimental ldap proxy ssl test dav/main dav/fs dav/lock'
MODULE_DIRS=' aaa filters loggers metadata http generators mappers'
MOD_ACTIONS_LDADD=''
MOD_ALIAS_LDADD=''
MOD_ASIS_LDADD=''
MOD_AUTHNZ_LDAP_LDADD=''
MOD_AUTHN_ALIAS_LDADD=''
MOD_AUTHN_ANON_LDADD=''
MOD_AUTHN_DBD_LDADD=''
MOD_AUTHN_DBM_LDADD=''
MOD_AUTHN_DEFAULT_LDADD=''
MOD_AUTHN_FILE_LDADD=''
MOD_AUTHZ_DBM_LDADD=''
MOD_AUTHZ_DEFAULT_LDADD=''
MOD_AUTHZ_GROUPFILE_LDADD=''
MOD_AUTHZ_HOST_LDADD=''
MOD_AUTHZ_OWNER_LDADD=''
MOD_AUTHZ_USER_LDADD=''
MOD_AUTH_BASIC_LDADD=''
MOD_AUTH_DIGEST_LDADD=''
MOD_AUTOINDEX_LDADD=''
MOD_BUCKETEER_LDADD=''
MOD_CACHE_LDADD=''
MOD_CASE_FILTER_IN_LDADD=''
MOD_CASE_FILTER_LDADD=''
MOD_CERN_META_LDADD=''
MOD_CGID_LDADD=''
MOD_CGI_LDADD=''
MOD_CHARSET_LITE_LDADD=''
MOD_DAV_FS_LDADD=''
MOD_DAV_LDADD=''
MOD_DAV_LOCK_LDADD=''
MOD_DBD_LDADD=''
MOD_DEFLATE_LDADD=''
MOD_DIR_LDADD=''
MOD_DISK_CACHE_LDADD=''
MOD_DUMPIO_LDADD=''
MOD_ECHO_LDADD=''
MOD_ENV_LDADD=''
MOD_EXAMPLE_LDADD=''
MOD_EXPIRES_LDADD=''
MOD_EXT_FILTER_LDADD=''
MOD_FILE_CACHE_LDADD=''
MOD_FILTER_LDADD=''
MOD_HEADERS_LDADD=''
MOD_HTTP_LDADD=''
MOD_IDENT_LDADD=''
MOD_IMAGEMAP_LDADD=''
MOD_INCLUDE_LDADD=''
MOD_INFO_LDADD=''
MOD_ISAPI_LDADD=''
MOD_LDAP_LDADD=''
MOD_LOGIO_LDADD=''
MOD_LOG_CONFIG_LDADD=''
MOD_LOG_FORENSIC_LDADD=''
MOD_MEM_CACHE_LDADD=''
MOD_MIME_LDADD=''
MOD_MIME_MAGIC_LDADD=''
MOD_NEGOTIATION_LDADD=''
MOD_OPTIONAL_FN_EXPORT_LDADD=''
MOD_OPTIONAL_FN_IMPORT_LDADD=''
MOD_OPTIONAL_HOOK_EXPORT_LDADD=''
MOD_OPTIONAL_HOOK_IMPORT_LDADD=''
MOD_PROXY_AJP_LDADD=''
MOD_PROXY_BALANCER_LDADD=''
MOD_PROXY_CONNECT_LDADD=''
MOD_PROXY_FTP_LDADD=''
MOD_PROXY_HTTP_LDADD=''
MOD_PROXY_LDADD=''
MOD_PROXY_SCGI_LDADD=''
MOD_REQTIMEOUT_LDADD=''
MOD_REWRITE_LDADD=''
MOD_SETENVIF_LDADD=''
MOD_SO_LDADD=''
MOD_SPELING_LDADD=''
MOD_SSL_LDADD=''
MOD_STATUS_LDADD=''
MOD_SUBSTITUTE_LDADD=''
MOD_SUEXEC_LDADD=''
MOD_UNIQUE_ID_LDADD=''
MOD_USERDIR_LDADD=''
MOD_USERTRACK_LDADD=''
MOD_VERSION_LDADD=''
MOD_VHOST_ALIAS_LDADD=''
MPM_LIB='server/mpm/prefork/libprefork.la'
MPM_NAME='prefork'
MPM_SUBDIR_NAME='prefork'
NONPORTABLE_SUPPORT='checkgid'
NOTEST_CFLAGS=''
NOTEST_CPPFLAGS=''
NOTEST_CXXFLAGS=''
NOTEST_LDFLAGS=''
NOTEST_LIBS=''
OBJEXT='o'
OS='unix'
OS_DIR='unix'
OS_SPECIFIC_VARS=''
PACKAGE_BUGREPORT=''
PACKAGE_NAME=''
PACKAGE_STRING=''
PACKAGE_TARNAME=''
PACKAGE_URL=''
PACKAGE_VERSION=''
PATH_SEPARATOR=':'
PCRE_CONFIG='false'
PICFLAGS=''
PILDFLAGS=''
PKGCONFIG='/usr/bin/pkg-config'
PORT='80'
POST_SHARED_CMDS='echo ""'
PRE_SHARED_CMDS='echo ""'
RANLIB='ranlib'
RM='/bin/rm'
RSYNC='/usr/bin/rsync'
SHELL='/bin/sh'
SHLIBPATH_VAR='LD_LIBRARY_PATH'
SHLTCFLAGS='-prefer-pic'
SH_LDFLAGS=''
SH_LIBS=''
SH_LIBTOOL='$(LIBTOOL)'
SSLPORT='443'
SSL_LIBS=''
UTIL_LDFLAGS=''
ab_LTFLAGS=''
abs_srcdir='/home/adam/Documents/db-prov-2015/src/httpd-execution-partitions-2.2.31'
ac_ct_CC='gcc'
ap_make_delimiter=' '
ap_make_include='include'
bindir='${exec_prefix}/bin'
build='x86_64-unknown-linux-gnu'
build_alias=''
build_cpu='x86_64'
build_os='linux-gnu'
build_vendor='unknown'
cgidir='${datadir}/cgi-bin'
checkgid_LTFLAGS=''
datadir='${prefix}'
datarootdir='${prefix}/share'
docdir='${datarootdir}/doc/${PACKAGE}'
dvidir='${docdir}'
errordir='${datadir}/error'
exec_prefix='${prefix}'
exp_bindir='/usr/local/apache/bin'
exp_cgidir='/usr/local/apache/cgi-bin'
exp_datadir='/usr/local/apache'
exp_errordir='/usr/local/apache/error'
exp_exec_prefix='/usr/local/apache'
exp_htdocsdir='/usr/local/apache/htdocs'
exp_iconsdir='/usr/local/apache/icons'
exp_includedir='/usr/local/apache/include'
exp_installbuilddir='/usr/local/apache/build'
exp_libdir='/usr/local/apache/lib'
exp_libexecdir='/usr/local/apache/modules'
exp_localstatedir='/usr/local/apache'
exp_logfiledir='/usr/local/apache/logs'
exp_mandir='/usr/local/apache/man'
exp_manualdir='/usr/local/apache/manual'
exp_proxycachedir='/usr/local/apache/proxy'
exp_runtimedir='/usr/local/apache/logs'
exp_sbindir='/usr/local/apache/bin'
exp_sysconfdir='/usr/local/apache/conf'
host='x86_64-unknown-linux-gnu'
host_alias=''
host_cpu='x86_64'
host_os='linux-gnu'
host_vendor='unknown'
htcacheclean_LTFLAGS=''
htdbm_LTFLAGS=''
htdigest_LTFLAGS=''
htdocsdir='${datadir}/htdocs'
htmldir='${docdir}'
htpasswd_LTFLAGS=''
httxt2dbm_LTFLAGS=''
iconsdir='${datadir}/icons'
includedir='${prefix}/include'
infodir='${datarootdir}/info'
installbuilddir='${datadir}/build'
libdir='${exec_prefix}/lib'
libexecdir='${exec_prefix}/modules'
localedir='${datarootdir}/locale'
localstatedir='${prefix}'
logfiledir='${localstatedir}/logs'
logresolve_LTFLAGS=''
mandir='${prefix}/man'
manualdir='${datadir}/manual'
nonssl_listen_stmt_1=''
nonssl_listen_stmt_2=''
oldincludedir='/usr/include'
other_targets=''
pdfdir='${docdir}'
perlbin='/usr/bin/perl'
prefix='/usr/local/apache'
progname='httpd'
program_transform_name='s,x,x,'
proxycachedir='${localstatedir}/proxy'
psdir='${docdir}'
rel_bindir='bin'
rel_cgidir='cgi-bin'
rel_datadir=''
rel_errordir='error'
rel_exec_prefix=''
rel_htdocsdir='htdocs'
rel_iconsdir='icons'
rel_includedir='include'
rel_installbuilddir='build'
rel_libdir='lib'
rel_libexecdir='modules'
rel_localstatedir=''
rel_logfiledir='logs'
rel_mandir='man'
rel_manualdir='manual'
rel_proxycachedir='proxy'
rel_runtimedir='logs'
rel_sbindir='bin'
rel_sysconfdir='conf'
rotatelogs_LTFLAGS=''
runtimedir='${localstatedir}/logs'
sbindir='${exec_prefix}/bin'
shared_build=''
sharedstatedir='${prefix}/com'
sysconfdir='${prefix}/conf'
target='x86_64-unknown-linux-gnu'
target_alias=''
target_cpu='x86_64'
target_os='linux-gnu'
target_vendor='unknown'

## ----------- ##
## confdefs.h. ##
## ----------- ##

/* confdefs.h */
#define PACKAGE_NAME ""
#define PACKAGE_TARNAME ""
#define PACKAGE_VERSION ""
#define PACKAGE_STRING ""
#define PACKAGE_BUGREPORT ""
#define PACKAGE_URL ""
#define STDC_HEADERS 1
#define HAVE_SYS_TYPES_H 1
#define HAVE_SYS_STAT_H 1
#define HAVE_STDLIB_H 1
#define HAVE_STRING_H 1
#define HAVE_MEMORY_H 1
#define HAVE_STRINGS_H 1
#define HAVE_INTTYPES_H 1
#define HAVE_STDINT_H 1
#define HAVE_UNISTD_H 1
#define __EXTENSIONS__ 1
#define _ALL_SOURCE 1
#define _GNU_SOURCE 1
#define _POSIX_PTHREAD_SEMANTICS 1
#define _TANDEM_SOURCE 1
#define STDC_HEADERS 1
#define HAVE_STRING_H 1
#define HAVE_LIMITS_H 1
#define HAVE_UNISTD_H 1
#define HAVE_SYS_SOCKET_H 1
#define HAVE_PWD_H 1
#define HAVE_GRP_H 1
#define HAVE_STRINGS_H 1
#define HAVE_SYS_PRCTL_H 1
#define HAVE_SYS_SEM_H 1
#define HAVE_SYS_WAIT_H 1
#define HAVE_GETPWNAM 1
#define HAVE_GETGRNAM 1
#define HAVE_INITGROUPS 1
#define HAVE_PRCTL 1
#define HAVE_TIMEGM 1
#define HAVE_GETPGID 1
#define HAVE_GMTOFF 1
#define AP_ENABLE_V4_MAPPED 1
#define HAVE_SYS_TIME_H 1
#define HAVE_SYS_RESOURCE_H 1
#define HAVE_SYS_SEM_H 1
#define HAVE_SYS_IPC_H 1
#define HAVE_SETSID 1
#define HAVE_KILLPG 1
#define HAVE_UNISTD_H 1
#define HAVE_SYSLOG 1
#define HAVE_SYS_TIMES_H 1
#define HAVE_TIMES 1
#define AP_USING_AUTOCONF 1
#define SINGLE_LISTEN_UNSERIALIZED_ACCEPT 1
#define AP_NONBLOCK_WHEN_MULTI_LISTEN 1
#define HTTPD_ROOT "/usr/local/apache"
#define SERVER_CONFIG_FILE "conf/httpd.conf"
#define AP_TYPES_CONFIG_FILE "conf/mime.types"
#define APACHE_MPM_DIR "server/mpm/prefork"

configure: exit 0
